[debug] [2019-09-22T10:31:33.899Z] ----------------------------------------------------------------------
[debug] [2019-09-22T10:31:33.901Z] Command:       C:\Program Files\nodejs\node.exe C:\Users\Szymon\AppData\Roaming\npm\node_modules\firebase-tools\lib\bin\firebase.js deploy
[debug] [2019-09-22T10:31:33.901Z] CLI Version:   7.3.2
[debug] [2019-09-22T10:31:33.901Z] Platform:      win32
[debug] [2019-09-22T10:31:33.901Z] Node Version:  v10.15.3
[debug] [2019-09-22T10:31:33.902Z] Time:          Sun Sep 22 2019 12:31:33 GMT+0200 (GMT+02:00)
[debug] [2019-09-22T10:31:33.902Z] ----------------------------------------------------------------------
[debug] 
[debug] [2019-09-22T10:31:33.909Z] > command requires scopes: ["email","openid","https://www.googleapis.com/auth/cloudplatformprojects.readonly","https://www.googleapis.com/auth/firebase","https://www.googleapis.com/auth/cloud-platform"]
[debug] [2019-09-22T10:31:33.909Z] > authorizing via signed-in user
[debug] [2019-09-22T10:31:33.909Z] [iam] checking project pomodoro-app-test-a03e7 for permissions ["firebase.projects.get","firebasedatabase.instances.update","firebasehosting.sites.update"]
[debug] [2019-09-22T10:31:33.911Z] >>> HTTP REQUEST POST https://cloudresourcemanager.googleapis.com/v1/projects/pomodoro-app-test-a03e7:testIamPermissions  

[debug] [2019-09-22T10:31:34.976Z] <<< HTTP RESPONSE 200
[debug] [2019-09-22T10:31:34.977Z] >>> HTTP REQUEST GET https://firebase.googleapis.com/v1beta1/projects/pomodoro-app-test-a03e7  
 
[debug] [2019-09-22T10:31:35.390Z] <<< HTTP RESPONSE 200
[info] 
[info] === Deploying to 'pomodoro-app-test-a03e7'...
[info] 
[info] i  deploying database, hosting
[info] i  database: checking rules syntax...
[debug] [2019-09-22T10:31:35.397Z] >>> HTTP REQUEST PUT https://pomodoro-app-test-a03e7.firebaseio.com/.settings/rules.json?dryRun=true  
 {
  "rules": {
    ".read": true,
    ".write": true
  }
}

[debug] [2019-09-22T10:31:36.075Z] <<< HTTP RESPONSE 200
[info] +  database: rules syntax for database pomodoro-app-test-a03e7 is valid
[debug] [2019-09-22T10:31:36.077Z] >>> HTTP REQUEST POST https://firebasehosting.googleapis.com/v1beta1/sites/pomodoro-app-test-a03e7/versions  

[debug] [2019-09-22T10:31:37.611Z] <<< HTTP RESPONSE 200
[info] i  hosting[pomodoro-app-test-a03e7]: beginning deploy...
[info] i  hosting[pomodoro-app-test-a03e7]: found 19 files in build
[debug] [2019-09-22T10:31:37.621Z] [hosting] hash cache [YnVpbGQ] load error: lines is not defined
